<?xml version="1.0" encoding="UTF-8"?>
<testng-results ignored="0" total="1" passed="1" failed="0" skipped="0">
  <reporter-output>
  </reporter-output>
  <suite started-at="2023-12-27T17:26:08 IST" name="Suite" finished-at="2023-12-27T17:26:19 IST" duration-ms="10759">
    <groups>
    </groups>
    <test started-at="2023-12-27T17:26:08 IST" name="Test" finished-at="2023-12-27T17:26:19 IST" duration-ms="10759">
      <class name="TestLayer.LoginPageTest">
        <test-method is-config="true" signature="setup()[pri:0, instance:TestLayer.LoginPageTest@74751b3]" started-at="2023-12-27T17:26:08 IST" name="setup" finished-at="2023-12-27T17:26:18 IST" duration-ms="9745" status="PASS">
          <reporter-output>
          </reporter-output>
        </test-method> <!-- setup -->
        <test-method signature="validateloginfunctionality()[pri:0, instance:TestLayer.LoginPageTest@74751b3]" started-at="2023-12-27T17:26:18 IST" name="validateloginfunctionality" finished-at="2023-12-27T17:26:19 IST" duration-ms="869" status="PASS">
          <reporter-output>
          </reporter-output>
        </test-method> <!-- validateloginfunctionality -->
        <test-method is-config="true" signature="teardown()[pri:0, instance:TestLayer.LoginPageTest@74751b3]" started-at="2023-12-27T17:26:19 IST" name="teardown" finished-at="2023-12-27T17:26:19 IST" duration-ms="117" status="PASS">
          <reporter-output>
          </reporter-output>
        </test-method> <!-- teardown -->
      </class> <!-- TestLayer.LoginPageTest -->
    </test> <!-- Test -->
  </suite> <!-- Suite -->
</testng-results>
